<?xml version="1.0" encoding="UTF-8"?>
<!-- Generated by org.testng.reporters.JUnitReportReporter -->
<testsuite hostname="PE-HO-223" failures="0" tests="1" name="com.PagsObjet.PagsObjetInicioDir" time="0.011" errors="0" timestamp="2022-03-02T12:20:09 COT" skipped="0">
  <testcase classname="com.PagsObjet.PagsObjetInicioDir" name="f" time="0.011"/>
  <system-out/>
</testsuite> <!-- com.PagsObjet.PagsObjetInicioDir -->
